[2026-02-22T21:29:16.471+0000] {local_task_job_runner.py:120} INFO - ::group::Pre task execution logs
[2026-02-22T21:29:16.785+0000] {taskinstance.py:2076} INFO - Dependencies all met for dep_context=non-requeueable deps ti=<TaskInstance: automend_data_pipeline.validate_data scheduled__2026-02-21T00:00:00+00:00 [queued]>
[2026-02-22T21:29:16.803+0000] {taskinstance.py:2076} INFO - Dependencies all met for dep_context=requeueable deps ti=<TaskInstance: automend_data_pipeline.validate_data scheduled__2026-02-21T00:00:00+00:00 [queued]>
[2026-02-22T21:29:16.806+0000] {taskinstance.py:2306} INFO - Starting attempt 1 of 3
[2026-02-22T21:29:16.834+0000] {taskinstance.py:2330} INFO - Executing <Task(PythonOperator): validate_data> on 2026-02-21 00:00:00+00:00
[2026-02-22T21:29:16.846+0000] {warnings.py:112} WARNING - /home/***/.local/lib/python3.12/site-packages/***/task/task_runner/standard_task_runner.py:61: DeprecationWarning: This process (pid=170) is multi-threaded, use of fork() may lead to deadlocks in the child.
  pid = os.fork()

[2026-02-22T21:29:16.850+0000] {standard_task_runner.py:63} INFO - Started process 174 to run task
[2026-02-22T21:29:16.850+0000] {standard_task_runner.py:90} INFO - Running: ['***', 'tasks', 'run', 'automend_data_pipeline', 'validate_data', 'scheduled__2026-02-21T00:00:00+00:00', '--job-id', '10', '--raw', '--subdir', 'DAGS_FOLDER/automend_pipeline_dag.py', '--cfg-path', '/tmp/tmp1hw7t1jl']
[2026-02-22T21:29:16.856+0000] {standard_task_runner.py:91} INFO - Job 10: Subtask validate_data
[2026-02-22T21:29:16.990+0000] {task_command.py:426} INFO - Running <TaskInstance: automend_data_pipeline.validate_data scheduled__2026-02-21T00:00:00+00:00 [running]> on host bdb006c774ad
[2026-02-22T21:29:17.175+0000] {taskinstance.py:2648} INFO - Exporting env vars: AIRFLOW_CTX_DAG_OWNER='mlops-team' AIRFLOW_CTX_DAG_ID='automend_data_pipeline' AIRFLOW_CTX_TASK_ID='validate_data' AIRFLOW_CTX_EXECUTION_DATE='2026-02-21T00:00:00+00:00' AIRFLOW_CTX_TRY_NUMBER='1' AIRFLOW_CTX_DAG_RUN_ID='scheduled__2026-02-21T00:00:00+00:00'
[2026-02-22T21:29:17.178+0000] {taskinstance.py:430} INFO - ::endgroup::
[2026-02-22T21:29:17.206+0000] {data_validation.py:371} INFO - ============================================================
[2026-02-22T21:29:17.208+0000] {data_validation.py:372} INFO - STARTING DATA VALIDATION
[2026-02-22T21:29:17.209+0000] {data_validation.py:373} INFO - ============================================================
[2026-02-22T21:29:18.959+0000] {data_validation.py:385} INFO - Loaded 18780 records for validation
[2026-02-22T21:29:18.962+0000] {data_validation.py:81} INFO - ✓ PASS: schema_required_columns - All required columns present
[2026-02-22T21:29:18.964+0000] {data_validation.py:81} INFO - ✓ PASS: min_rows - Row count (18780) meets minimum (100)
[2026-02-22T21:29:18.979+0000] {data_validation.py:81} INFO - ✓ PASS: missing_values - Column 'question_id' has no missing values
[2026-02-22T21:29:18.984+0000] {data_validation.py:81} INFO - ✓ PASS: missing_values - Column 'question_body' has no missing values
[2026-02-22T21:29:18.987+0000] {data_validation.py:81} INFO - ✓ PASS: missing_values - Column 'answer_body' has no missing values
[2026-02-22T21:29:18.992+0000] {data_validation.py:81} INFO - ✓ PASS: duplicates - No duplicate question_ids found
[2026-02-22T21:29:19.073+0000] {data_validation.py:81} INFO - ✓ PASS: text_quality - Question lengths are acceptable
[2026-02-22T21:29:19.142+0000] {data_validation.py:89} WARNING - ⚠ WARN: anomaly_detection - Found 2179 outliers in 'score'
[2026-02-22T21:29:19.335+0000] {data_validation.py:89} WARNING - ⚠ WARN: anomaly_detection - Found 2015 outliers in 'answer_score'
[2026-02-22T21:29:19.535+0000] {data_validation.py:89} WARNING - ⚠ WARN: anomaly_detection - Found 1970 outliers in 'view_count'
[2026-02-22T21:29:19.718+0000] {data_validation.py:89} WARNING - ⚠ WARN: anomaly_detection - Found 2156 outliers in 'quality_score'
[2026-02-22T21:29:19.951+0000] {data_validation.py:89} WARNING - ⚠ WARN: anomaly_detection - Found 1324 records with uncleaned HTML
[2026-02-22T21:29:27.029+0000] {data_validation.py:428} INFO - Data validated and saved to /opt/***/data/validated/qa_pairs_validated.json
[2026-02-22T21:29:27.031+0000] {data_validation.py:432} INFO - Validation complete: 7 passed, 0 failed, 5 warnings
[2026-02-22T21:29:27.089+0000] {alerts.py:270} CRITICAL - ALERT [pipeline_failure]: Pipeline Failed - DAG 'automend_data_pipeline' failed at task 'validate_data'.
[2026-02-22T21:29:27.119+0000] {alerts.py:184} WARNING - Slack webhook URL not configured, skipping Slack alert
[2026-02-22T21:29:27.120+0000] {alerts.py:218} WARNING - Alert email not configured, skipping email alert
[2026-02-22T21:29:27.121+0000] {taskinstance.py:441} INFO - ::group::Post task execution logs
[2026-02-22T21:29:27.123+0000] {taskinstance.py:2905} ERROR - Task failed with exception
Traceback (most recent call last):
  File "/home/airflow/.local/lib/python3.12/site-packages/airflow/models/taskinstance.py", line 460, in _execute_task
    result = _execute_callable(context=context, **execute_callable_kwargs)
             ^^^^^^^^^^^^^^^^^^^^^^^^^^^^^^^^^^^^^^^^^^^^^^^^^^^^^^^^^^^^^
  File "/home/airflow/.local/lib/python3.12/site-packages/airflow/models/taskinstance.py", line 432, in _execute_callable
    return execute_callable(context=context, **execute_callable_kwargs)
           ^^^^^^^^^^^^^^^^^^^^^^^^^^^^^^^^^^^^^^^^^^^^^^^^^^^^^^^^^^^^
  File "/home/airflow/.local/lib/python3.12/site-packages/airflow/models/baseoperator.py", line 401, in wrapper
    return func(self, *args, **kwargs)
           ^^^^^^^^^^^^^^^^^^^^^^^^^^^
  File "/home/airflow/.local/lib/python3.12/site-packages/airflow/operators/python.py", line 235, in execute
    return_value = self.execute_callable()
                   ^^^^^^^^^^^^^^^^^^^^^^^
  File "/home/airflow/.local/lib/python3.12/site-packages/airflow/operators/python.py", line 252, in execute_callable
    return self.python_callable(*self.op_args, **self.op_kwargs)
           ^^^^^^^^^^^^^^^^^^^^^^^^^^^^^^^^^^^^^^^^^^^^^^^^^^^^^
  File "/opt/airflow/dags/automend_pipeline_dag.py", line 161, in task_validate_data
    alert_anomalies_detected(
  File "/opt/airflow/scripts/alerts.py", line 416, in alert_anomalies_detected
    "types": ", ".join(set(anomaly_types)[:5])
                       ~~~~~~~~~~~~~~~~~~^^^^
TypeError: 'set' object is not subscriptable
[2026-02-22T21:29:27.163+0000] {taskinstance.py:1206} INFO - Marking task as UP_FOR_RETRY. dag_id=automend_data_pipeline, task_id=validate_data, run_id=scheduled__2026-02-21T00:00:00+00:00, execution_date=20260221T000000, start_date=20260222T212916, end_date=20260222T212927
[2026-02-22T21:29:27.191+0000] {standard_task_runner.py:110} ERROR - Failed to execute job 10 for task validate_data ('set' object is not subscriptable; 174)
[2026-02-22T21:29:27.251+0000] {local_task_job_runner.py:240} INFO - Task exited with return code 1
[2026-02-22T21:29:27.297+0000] {taskinstance.py:3503} INFO - 0 downstream tasks scheduled from follow-on schedule check
[2026-02-22T21:29:27.301+0000] {local_task_job_runner.py:222} INFO - ::endgroup::
[2026-02-22T22:06:04.414+0000] {local_task_job_runner.py:120} INFO - ::group::Pre task execution logs
[2026-02-22T22:06:04.737+0000] {taskinstance.py:2076} INFO - Dependencies all met for dep_context=non-requeueable deps ti=<TaskInstance: automend_data_pipeline.validate_data scheduled__2026-02-21T00:00:00+00:00 [queued]>
[2026-02-22T22:06:04.755+0000] {taskinstance.py:2076} INFO - Dependencies all met for dep_context=requeueable deps ti=<TaskInstance: automend_data_pipeline.validate_data scheduled__2026-02-21T00:00:00+00:00 [queued]>
[2026-02-22T22:06:04.757+0000] {taskinstance.py:2306} INFO - Starting attempt 1 of 3
[2026-02-22T22:06:04.788+0000] {taskinstance.py:2330} INFO - Executing <Task(PythonOperator): validate_data> on 2026-02-21 00:00:00+00:00
[2026-02-22T22:06:04.802+0000] {warnings.py:112} WARNING - /home/***/.local/lib/python3.12/site-packages/***/task/task_runner/standard_task_runner.py:61: DeprecationWarning: This process (pid=170) is multi-threaded, use of fork() may lead to deadlocks in the child.
  pid = os.fork()

[2026-02-22T22:06:04.807+0000] {standard_task_runner.py:63} INFO - Started process 174 to run task
[2026-02-22T22:06:04.805+0000] {standard_task_runner.py:90} INFO - Running: ['***', 'tasks', 'run', 'automend_data_pipeline', 'validate_data', 'scheduled__2026-02-21T00:00:00+00:00', '--job-id', '9', '--raw', '--subdir', 'DAGS_FOLDER/automend_pipeline_dag.py', '--cfg-path', '/tmp/tmp_kpfdn2u']
[2026-02-22T22:06:04.811+0000] {standard_task_runner.py:91} INFO - Job 9: Subtask validate_data
[2026-02-22T22:06:04.949+0000] {task_command.py:426} INFO - Running <TaskInstance: automend_data_pipeline.validate_data scheduled__2026-02-21T00:00:00+00:00 [running]> on host 285ed450eadc
[2026-02-22T22:06:05.135+0000] {taskinstance.py:2648} INFO - Exporting env vars: AIRFLOW_CTX_DAG_OWNER='mlops-team' AIRFLOW_CTX_DAG_ID='automend_data_pipeline' AIRFLOW_CTX_TASK_ID='validate_data' AIRFLOW_CTX_EXECUTION_DATE='2026-02-21T00:00:00+00:00' AIRFLOW_CTX_TRY_NUMBER='1' AIRFLOW_CTX_DAG_RUN_ID='scheduled__2026-02-21T00:00:00+00:00'
[2026-02-22T22:06:05.138+0000] {taskinstance.py:430} INFO - ::endgroup::
[2026-02-22T22:06:05.171+0000] {data_validation.py:378} INFO - ============================================================
[2026-02-22T22:06:05.173+0000] {data_validation.py:379} INFO - STARTING DATA VALIDATION
[2026-02-22T22:06:05.174+0000] {data_validation.py:380} INFO - ============================================================
[2026-02-22T22:06:06.965+0000] {data_validation.py:392} INFO - Loaded 18780 records for validation
[2026-02-22T22:06:06.971+0000] {data_validation.py:88} INFO - [PASS] schema_required_columns - All required columns present
[2026-02-22T22:06:06.976+0000] {data_validation.py:88} INFO - [PASS] min_rows - Row count (18780) meets minimum (100)
[2026-02-22T22:06:06.984+0000] {data_validation.py:88} INFO - [PASS] missing_values - Column 'question_id' has no missing values
[2026-02-22T22:06:06.993+0000] {data_validation.py:88} INFO - [PASS] missing_values - Column 'question_body' has no missing values
[2026-02-22T22:06:07.000+0000] {data_validation.py:88} INFO - [PASS] missing_values - Column 'answer_body' has no missing values
[2026-02-22T22:06:07.008+0000] {data_validation.py:88} INFO - [PASS] duplicates - No duplicate question_ids found
[2026-02-22T22:06:07.095+0000] {data_validation.py:88} INFO - [PASS] text_quality - Question lengths are acceptable
[2026-02-22T22:06:07.178+0000] {data_validation.py:96} WARNING - [WARN] anomaly_detection - Found 2179 outliers in 'score'
[2026-02-22T22:06:07.308+0000] {data_validation.py:96} WARNING - [WARN] anomaly_detection - Found 2015 outliers in 'answer_score'
[2026-02-22T22:06:07.459+0000] {data_validation.py:96} WARNING - [WARN] anomaly_detection - Found 1970 outliers in 'view_count'
[2026-02-22T22:06:07.581+0000] {data_validation.py:96} WARNING - [WARN] anomaly_detection - Found 2156 outliers in 'quality_score'
[2026-02-22T22:06:07.733+0000] {data_validation.py:96} WARNING - [WARN] anomaly_detection - Found 1324 records with uncleaned HTML
[2026-02-22T22:06:15.983+0000] {data_validation.py:435} INFO - Data validated and saved to /opt/***/data/validated/qa_pairs_validated.json
[2026-02-22T22:06:15.984+0000] {data_validation.py:439} INFO - Validation complete: 7 passed, 0 failed, 5 warnings
[2026-02-22T22:06:16.025+0000] {alerts.py:279} CRITICAL - ALERT [pipeline_failure]: Pipeline Failed - DAG 'automend_data_pipeline' failed at task 'validate_data'.
[2026-02-22T22:06:16.067+0000] {alerts.py:300} ERROR - Failed to write alert to history: Extra data: line 113 column 3 (char 3652)
[2026-02-22T22:06:16.070+0000] {alerts.py:193} WARNING - Slack webhook URL not configured, skipping Slack alert
[2026-02-22T22:06:16.074+0000] {alerts.py:227} WARNING - Alert email not configured, skipping email alert
[2026-02-22T22:06:16.077+0000] {taskinstance.py:441} INFO - ::group::Post task execution logs
[2026-02-22T22:06:16.080+0000] {taskinstance.py:2905} ERROR - Task failed with exception
Traceback (most recent call last):
  File "/home/airflow/.local/lib/python3.12/site-packages/airflow/models/taskinstance.py", line 460, in _execute_task
    result = _execute_callable(context=context, **execute_callable_kwargs)
             ^^^^^^^^^^^^^^^^^^^^^^^^^^^^^^^^^^^^^^^^^^^^^^^^^^^^^^^^^^^^^
  File "/home/airflow/.local/lib/python3.12/site-packages/airflow/models/taskinstance.py", line 432, in _execute_callable
    return execute_callable(context=context, **execute_callable_kwargs)
           ^^^^^^^^^^^^^^^^^^^^^^^^^^^^^^^^^^^^^^^^^^^^^^^^^^^^^^^^^^^^
  File "/home/airflow/.local/lib/python3.12/site-packages/airflow/models/baseoperator.py", line 401, in wrapper
    return func(self, *args, **kwargs)
           ^^^^^^^^^^^^^^^^^^^^^^^^^^^
  File "/home/airflow/.local/lib/python3.12/site-packages/airflow/operators/python.py", line 235, in execute
    return_value = self.execute_callable()
                   ^^^^^^^^^^^^^^^^^^^^^^^
  File "/home/airflow/.local/lib/python3.12/site-packages/airflow/operators/python.py", line 252, in execute_callable
    return self.python_callable(*self.op_args, **self.op_kwargs)
           ^^^^^^^^^^^^^^^^^^^^^^^^^^^^^^^^^^^^^^^^^^^^^^^^^^^^^
  File "/opt/airflow/dags/automend_pipeline_dag.py", line 180, in task_validate_data
    alert_anomalies_detected(
  File "/opt/airflow/scripts/alerts.py", line 425, in alert_anomalies_detected
    "types": ", ".join(set(anomaly_types)[:5])
                       ~~~~~~~~~~~~~~~~~~^^^^
TypeError: 'set' object is not subscriptable
[2026-02-22T22:06:16.171+0000] {taskinstance.py:1206} INFO - Marking task as UP_FOR_RETRY. dag_id=automend_data_pipeline, task_id=validate_data, run_id=scheduled__2026-02-21T00:00:00+00:00, execution_date=20260221T000000, start_date=20260222T220604, end_date=20260222T220616
[2026-02-22T22:06:16.208+0000] {standard_task_runner.py:110} ERROR - Failed to execute job 9 for task validate_data ('set' object is not subscriptable; 174)
[2026-02-22T22:06:16.249+0000] {local_task_job_runner.py:240} INFO - Task exited with return code 1
[2026-02-22T22:06:16.292+0000] {taskinstance.py:3503} INFO - 0 downstream tasks scheduled from follow-on schedule check
[2026-02-22T22:06:16.302+0000] {local_task_job_runner.py:222} INFO - ::endgroup::
[2026-02-22T22:21:27.206+0000] {local_task_job_runner.py:120} INFO - ::group::Pre task execution logs
[2026-02-22T22:21:27.567+0000] {taskinstance.py:2076} INFO - Dependencies all met for dep_context=non-requeueable deps ti=<TaskInstance: automend_data_pipeline.validate_data scheduled__2026-02-21T00:00:00+00:00 [queued]>
[2026-02-22T22:21:27.584+0000] {taskinstance.py:2076} INFO - Dependencies all met for dep_context=requeueable deps ti=<TaskInstance: automend_data_pipeline.validate_data scheduled__2026-02-21T00:00:00+00:00 [queued]>
[2026-02-22T22:21:27.586+0000] {taskinstance.py:2306} INFO - Starting attempt 1 of 3
[2026-02-22T22:21:27.614+0000] {taskinstance.py:2330} INFO - Executing <Task(PythonOperator): validate_data> on 2026-02-21 00:00:00+00:00
[2026-02-22T22:21:27.628+0000] {warnings.py:112} WARNING - /home/***/.local/lib/python3.12/site-packages/***/task/task_runner/standard_task_runner.py:61: DeprecationWarning: This process (pid=163) is multi-threaded, use of fork() may lead to deadlocks in the child.
  pid = os.fork()

[2026-02-22T22:21:27.632+0000] {standard_task_runner.py:63} INFO - Started process 167 to run task
[2026-02-22T22:21:27.632+0000] {standard_task_runner.py:90} INFO - Running: ['***', 'tasks', 'run', 'automend_data_pipeline', 'validate_data', 'scheduled__2026-02-21T00:00:00+00:00', '--job-id', '9', '--raw', '--subdir', 'DAGS_FOLDER/automend_pipeline_dag.py', '--cfg-path', '/tmp/tmphok6fnyh']
[2026-02-22T22:21:27.639+0000] {standard_task_runner.py:91} INFO - Job 9: Subtask validate_data
[2026-02-22T22:21:27.770+0000] {task_command.py:426} INFO - Running <TaskInstance: automend_data_pipeline.validate_data scheduled__2026-02-21T00:00:00+00:00 [running]> on host 5ed56cb79862
[2026-02-22T22:21:27.942+0000] {taskinstance.py:2648} INFO - Exporting env vars: AIRFLOW_CTX_DAG_OWNER='mlops-team' AIRFLOW_CTX_DAG_ID='automend_data_pipeline' AIRFLOW_CTX_TASK_ID='validate_data' AIRFLOW_CTX_EXECUTION_DATE='2026-02-21T00:00:00+00:00' AIRFLOW_CTX_TRY_NUMBER='1' AIRFLOW_CTX_DAG_RUN_ID='scheduled__2026-02-21T00:00:00+00:00'
[2026-02-22T22:21:27.946+0000] {taskinstance.py:430} INFO - ::endgroup::
[2026-02-22T22:21:27.978+0000] {data_validation.py:378} INFO - ============================================================
[2026-02-22T22:21:27.979+0000] {data_validation.py:379} INFO - STARTING DATA VALIDATION
[2026-02-22T22:21:27.980+0000] {data_validation.py:380} INFO - ============================================================
[2026-02-22T22:21:29.432+0000] {data_validation.py:392} INFO - Loaded 18780 records for validation
[2026-02-22T22:21:29.434+0000] {data_validation.py:88} INFO - [PASS] schema_required_columns - All required columns present
[2026-02-22T22:21:29.436+0000] {data_validation.py:88} INFO - [PASS] min_rows - Row count (18780) meets minimum (100)
[2026-02-22T22:21:29.441+0000] {data_validation.py:88} INFO - [PASS] missing_values - Column 'question_id' has no missing values
[2026-02-22T22:21:29.445+0000] {data_validation.py:88} INFO - [PASS] missing_values - Column 'question_body' has no missing values
[2026-02-22T22:21:29.449+0000] {data_validation.py:88} INFO - [PASS] missing_values - Column 'answer_body' has no missing values
[2026-02-22T22:21:29.453+0000] {data_validation.py:88} INFO - [PASS] duplicates - No duplicate question_ids found
[2026-02-22T22:21:29.516+0000] {data_validation.py:88} INFO - [PASS] text_quality - Question lengths are acceptable
[2026-02-22T22:21:29.582+0000] {data_validation.py:96} WARNING - [WARN] anomaly_detection - Found 2179 outliers in 'score'
[2026-02-22T22:21:29.703+0000] {data_validation.py:96} WARNING - [WARN] anomaly_detection - Found 2015 outliers in 'answer_score'
[2026-02-22T22:21:29.857+0000] {data_validation.py:96} WARNING - [WARN] anomaly_detection - Found 1970 outliers in 'view_count'
[2026-02-22T22:21:29.966+0000] {data_validation.py:96} WARNING - [WARN] anomaly_detection - Found 2156 outliers in 'quality_score'
[2026-02-22T22:21:30.119+0000] {data_validation.py:96} WARNING - [WARN] anomaly_detection - Found 1324 records with uncleaned HTML
[2026-02-22T22:21:37.007+0000] {data_validation.py:435} INFO - Data validated and saved to /opt/***/data/validated/qa_pairs_validated.json
[2026-02-22T22:21:37.011+0000] {data_validation.py:439} INFO - Validation complete: 7 passed, 0 failed, 5 warnings
[2026-02-22T22:21:37.057+0000] {alerts.py:279} CRITICAL - ALERT [pipeline_failure]: Pipeline Failed - DAG 'automend_data_pipeline' failed at task 'validate_data'.
[2026-02-22T22:21:37.069+0000] {alerts.py:300} ERROR - Failed to write alert to history: Extra data: line 113 column 3 (char 3652)
[2026-02-22T22:21:37.071+0000] {alerts.py:193} WARNING - Slack webhook URL not configured, skipping Slack alert
[2026-02-22T22:21:37.072+0000] {alerts.py:227} WARNING - Alert email not configured, skipping email alert
[2026-02-22T22:21:37.074+0000] {taskinstance.py:441} INFO - ::group::Post task execution logs
[2026-02-22T22:21:37.075+0000] {taskinstance.py:2905} ERROR - Task failed with exception
Traceback (most recent call last):
  File "/home/airflow/.local/lib/python3.12/site-packages/airflow/models/taskinstance.py", line 460, in _execute_task
    result = _execute_callable(context=context, **execute_callable_kwargs)
             ^^^^^^^^^^^^^^^^^^^^^^^^^^^^^^^^^^^^^^^^^^^^^^^^^^^^^^^^^^^^^
  File "/home/airflow/.local/lib/python3.12/site-packages/airflow/models/taskinstance.py", line 432, in _execute_callable
    return execute_callable(context=context, **execute_callable_kwargs)
           ^^^^^^^^^^^^^^^^^^^^^^^^^^^^^^^^^^^^^^^^^^^^^^^^^^^^^^^^^^^^
  File "/home/airflow/.local/lib/python3.12/site-packages/airflow/models/baseoperator.py", line 401, in wrapper
    return func(self, *args, **kwargs)
           ^^^^^^^^^^^^^^^^^^^^^^^^^^^
  File "/home/airflow/.local/lib/python3.12/site-packages/airflow/operators/python.py", line 235, in execute
    return_value = self.execute_callable()
                   ^^^^^^^^^^^^^^^^^^^^^^^
  File "/home/airflow/.local/lib/python3.12/site-packages/airflow/operators/python.py", line 252, in execute_callable
    return self.python_callable(*self.op_args, **self.op_kwargs)
           ^^^^^^^^^^^^^^^^^^^^^^^^^^^^^^^^^^^^^^^^^^^^^^^^^^^^^
  File "/opt/airflow/dags/automend_pipeline_dag.py", line 194, in task_validate_data
    alert_anomalies_detected(
  File "/opt/airflow/scripts/alerts.py", line 425, in alert_anomalies_detected
    "types": ", ".join(set(anomaly_types)[:5])
                       ~~~~~~~~~~~~~~~~~~^^^^
TypeError: 'set' object is not subscriptable
[2026-02-22T22:21:37.120+0000] {taskinstance.py:1206} INFO - Marking task as UP_FOR_RETRY. dag_id=automend_data_pipeline, task_id=validate_data, run_id=scheduled__2026-02-21T00:00:00+00:00, execution_date=20260221T000000, start_date=20260222T222127, end_date=20260222T222137
[2026-02-22T22:21:37.149+0000] {standard_task_runner.py:110} ERROR - Failed to execute job 9 for task validate_data ('set' object is not subscriptable; 167)
[2026-02-22T22:21:37.209+0000] {local_task_job_runner.py:240} INFO - Task exited with return code 1
[2026-02-22T22:21:37.256+0000] {taskinstance.py:3503} INFO - 0 downstream tasks scheduled from follow-on schedule check
[2026-02-22T22:21:37.261+0000] {local_task_job_runner.py:222} INFO - ::endgroup::
[2026-02-22T22:33:16.925+0000] {local_task_job_runner.py:120} INFO - ::group::Pre task execution logs
[2026-02-22T22:33:17.313+0000] {taskinstance.py:2076} INFO - Dependencies all met for dep_context=non-requeueable deps ti=<TaskInstance: automend_data_pipeline.validate_data scheduled__2026-02-21T00:00:00+00:00 [queued]>
[2026-02-22T22:33:17.337+0000] {taskinstance.py:2076} INFO - Dependencies all met for dep_context=requeueable deps ti=<TaskInstance: automend_data_pipeline.validate_data scheduled__2026-02-21T00:00:00+00:00 [queued]>
[2026-02-22T22:33:17.338+0000] {taskinstance.py:2306} INFO - Starting attempt 1 of 3
[2026-02-22T22:33:17.364+0000] {taskinstance.py:2330} INFO - Executing <Task(PythonOperator): validate_data> on 2026-02-21 00:00:00+00:00
[2026-02-22T22:33:17.377+0000] {warnings.py:112} WARNING - /home/***/.local/lib/python3.12/site-packages/***/task/task_runner/standard_task_runner.py:61: DeprecationWarning: This process (pid=157) is multi-threaded, use of fork() may lead to deadlocks in the child.
  pid = os.fork()

[2026-02-22T22:33:17.380+0000] {standard_task_runner.py:63} INFO - Started process 161 to run task
[2026-02-22T22:33:17.380+0000] {standard_task_runner.py:90} INFO - Running: ['***', 'tasks', 'run', 'automend_data_pipeline', 'validate_data', 'scheduled__2026-02-21T00:00:00+00:00', '--job-id', '9', '--raw', '--subdir', 'DAGS_FOLDER/automend_pipeline_dag.py', '--cfg-path', '/tmp/tmpmg274s_s']
[2026-02-22T22:33:17.386+0000] {standard_task_runner.py:91} INFO - Job 9: Subtask validate_data
[2026-02-22T22:33:17.516+0000] {task_command.py:426} INFO - Running <TaskInstance: automend_data_pipeline.validate_data scheduled__2026-02-21T00:00:00+00:00 [running]> on host ded77bdd039b
[2026-02-22T22:33:17.688+0000] {taskinstance.py:2648} INFO - Exporting env vars: AIRFLOW_CTX_DAG_OWNER='mlops-team' AIRFLOW_CTX_DAG_ID='automend_data_pipeline' AIRFLOW_CTX_TASK_ID='validate_data' AIRFLOW_CTX_EXECUTION_DATE='2026-02-21T00:00:00+00:00' AIRFLOW_CTX_TRY_NUMBER='1' AIRFLOW_CTX_DAG_RUN_ID='scheduled__2026-02-21T00:00:00+00:00'
[2026-02-22T22:33:17.691+0000] {taskinstance.py:430} INFO - ::endgroup::
[2026-02-22T22:33:17.721+0000] {data_validation.py:378} INFO - ============================================================
[2026-02-22T22:33:17.722+0000] {data_validation.py:379} INFO - STARTING DATA VALIDATION
[2026-02-22T22:33:17.723+0000] {data_validation.py:380} INFO - ============================================================
[2026-02-22T22:33:19.375+0000] {data_validation.py:392} INFO - Loaded 18780 records for validation
[2026-02-22T22:33:19.376+0000] {data_validation.py:88} INFO - [PASS] schema_required_columns - All required columns present
[2026-02-22T22:33:19.378+0000] {data_validation.py:88} INFO - [PASS] min_rows - Row count (18780) meets minimum (100)
[2026-02-22T22:33:19.382+0000] {data_validation.py:88} INFO - [PASS] missing_values - Column 'question_id' has no missing values
[2026-02-22T22:33:19.385+0000] {data_validation.py:88} INFO - [PASS] missing_values - Column 'question_body' has no missing values
[2026-02-22T22:33:19.389+0000] {data_validation.py:88} INFO - [PASS] missing_values - Column 'answer_body' has no missing values
[2026-02-22T22:33:19.392+0000] {data_validation.py:88} INFO - [PASS] duplicates - No duplicate question_ids found
[2026-02-22T22:33:19.442+0000] {data_validation.py:88} INFO - [PASS] text_quality - Question lengths are acceptable
[2026-02-22T22:33:19.501+0000] {data_validation.py:96} WARNING - [WARN] anomaly_detection - Found 2179 outliers in 'score'
[2026-02-22T22:33:19.620+0000] {data_validation.py:96} WARNING - [WARN] anomaly_detection - Found 2015 outliers in 'answer_score'
[2026-02-22T22:33:19.773+0000] {data_validation.py:96} WARNING - [WARN] anomaly_detection - Found 1970 outliers in 'view_count'
[2026-02-22T22:33:19.892+0000] {data_validation.py:96} WARNING - [WARN] anomaly_detection - Found 2156 outliers in 'quality_score'
[2026-02-22T22:33:20.046+0000] {data_validation.py:96} WARNING - [WARN] anomaly_detection - Found 1324 records with uncleaned HTML
[2026-02-22T22:33:26.977+0000] {data_validation.py:435} INFO - Data validated and saved to /opt/***/data/validated/qa_pairs_validated.json
[2026-02-22T22:33:26.979+0000] {data_validation.py:439} INFO - Validation complete: 7 passed, 0 failed, 5 warnings
[2026-02-22T22:33:27.063+0000] {alerts.py:279} WARNING - ALERT [anomaly_detected]: Data Anomalies Detected - Found 8320 anomalies in the data.
[2026-02-22T22:33:27.082+0000] {alerts.py:193} WARNING - Slack webhook URL not configured, skipping Slack alert
[2026-02-22T22:33:27.084+0000] {python.py:237} INFO - Done. Returned value was: {'is_valid': True, 'total_checks': 7, 'passed_count': 7, 'failed_count': 0, 'warning_count': 5, 'passed': [{'check': 'schema_required_columns', 'message': 'All required columns present'}, {'check': 'min_rows', 'message': 'Row count (18780) meets minimum (100)'}, {'check': 'missing_values', 'message': "Column 'question_id' has no missing values"}, {'check': 'missing_values', 'message': "Column 'question_body' has no missing values"}, {'check': 'missing_values', 'message': "Column 'answer_body' has no missing values"}, {'check': 'duplicates', 'message': 'No duplicate question_ids found'}, {'check': 'text_quality', 'message': 'Question lengths are acceptable'}], 'failed': [], 'warnings': [{'check': 'anomaly_detection', 'message': "Found 2179 outliers in 'score'"}, {'check': 'anomaly_detection', 'message': "Found 2015 outliers in 'answer_score'"}, {'check': 'anomaly_detection', 'message': "Found 1970 outliers in 'view_count'"}, {'check': 'anomaly_detection', 'message': "Found 2156 outliers in 'quality_score'"}, {'check': 'anomaly_detection', 'message': 'Found 1324 records with uncleaned HTML'}], 'statistics': {'total_rows': 18780, 'question_id_missing_ratio': 0.0, 'question_body_missing_ratio': 0.0, 'answer_body_missing_ratio': 0.0, 'duplicate_ratio': 0.0, 'question_length': {'min': 35, 'max': 28306, 'mean': 1331.4140575079873, 'median': 845.0}, 'answer_length': {'min': 50, 'max': 18813, 'mean': 929.4425452609158, 'median': 621.0}, 'score_distribution': {'count': 18780.0, 'mean': 28.091214057507987, 'std': 94.30208343970025, 'min': 6.0, '25%': 7.0, '50%': 11.0, '75%': 21.0, 'max': 4498.0}, 'quality_score_distribution': {'count': 18780.0, 'mean': 192.79708519701813, 'std': 633.4836190550039, 'min': 10.62, '25%': 49.02, '50%': 78.11500000000001, '75%': 149.4075, 'max': 24731.49}, 'tag_distribution': {'docker': 8481, 'python': 3427, 'tensorflow': 3182, 'kubernetes': 2896, 'amazon-web-services': 1752, 'docker-compose': 1739, 'aws-lambda': 1577, 'pytorch': 1057, 'dockerfile': 1036, 'keras': 951, 'terraform': 882, 'deep-learning': 646, 'machine-learning': 615, 'node.js': 575, 'gpu': 538, 'airflow': 478, 'linux': 398, 'neural-network': 354, 'python-3.x': 341, 'kubectl': 326}, 'error_signature_distribution': {'NetworkError': 4101, 'ConfigError': 6941, 'PermissionDenied': 679, 'GPUError': 1323, 'Timeout': 872, 'OOMKilled': 210, 'ConnectionRefused': 317, 'ImagePullBackOff': 51, 'CrashLoopBackOff': 47, 'ResourceExhausted': 14}, 'score_outliers': 2179, 'answer_score_outliers': 2015, 'view_count_outliers': 1970, 'quality_score_outliers': 2156, 'total_anomalies': 8320, 'generated_at': '2026-02-22T22:33:20.048662', 'row_count': 18780, 'column_count': 16, 'columns': ['question_id', 'title', 'question_body', 'answer_body', 'tags', 'score', 'answer_score', 'view_count', 'error_signatures', 'infra_components', 'question_type', 'complexity', 'question_metrics', 'answer_metrics', 'quality_score', 'processed_at'], 'numeric_statistics': {'question_id': {'count': 18780, 'mean': 50289865.19323748, 'std': 13088180.546423303, 'min': 28147.0, '25%': 41690875.0, '50%': 50953359.5, '75%': 59716075.75, 'max': 79826535.0}, 'score': {'count': 18780, 'mean': 28.091214057507987, 'std': 94.30208343970025, 'min': 6.0, '25%': 7.0, '50%': 11.0, '75%': 21.0, 'max': 4498.0}, 'answer_score': {'count': 18780, 'mean': 32.473801916932906, 'std': 123.0169947850287, 'min': -75.0, '25%': 6.0, '50%': 12.0, '75%': 25.0, 'max': 4902.0}, 'view_count': {'count': 18780, 'mean': 36215.66735889244, 'std': 98047.95361627362, 'min': 125.0, '25%': 6489.75, '50%': 13947.0, '75%': 30869.25, 'max': 3846505.0}, 'quality_score': {'count': 18780, 'mean': 192.79708519701813, 'std': 633.4836190550039, 'min': 10.62, '25%': 49.02, '50%': 78.11500000000001, '75%': 149.4075, 'max': 24731.49}}, 'text_statistics': {'title': {'avg_length': 58.7769435569755, 'min_length': 10, 'max_length': 150, 'total_chars': 1103831}, 'question_body': {'avg_length': 1331.4140575079873, 'min_length': 35, 'max_length': 28306, 'total_chars': 25003956}, 'answer_body': {'avg_length': 929.4425452609158, 'min_length': 50, 'max_length': 18813, 'total_chars': 17454931}}, 'question_type_distribution': {'how_to': 5865, 'general': 5330, 'error_resolution': 3824, 'troubleshooting': 1656, 'definition': 1283, 'explanation': 478, 'best_practice': 344}, 'complexity_distribution': {'moderate': 18263, 'complex': 480, 'simple': 37}}, 'start_time': '2026-02-22T22:33:17.724684', 'end_time': '2026-02-22T22:33:20.116649'}
[2026-02-22T22:33:27.087+0000] {taskinstance.py:441} INFO - ::group::Post task execution logs
[2026-02-22T22:33:27.152+0000] {taskinstance.py:1206} INFO - Marking task as SUCCESS. dag_id=automend_data_pipeline, task_id=validate_data, run_id=scheduled__2026-02-21T00:00:00+00:00, execution_date=20260221T000000, start_date=20260222T223317, end_date=20260222T223327
