[2026-02-22T21:34:29.423+0000] {local_task_job_runner.py:120} INFO - ::group::Pre task execution logs
[2026-02-22T21:34:29.778+0000] {taskinstance.py:2076} INFO - Dependencies all met for dep_context=non-requeueable deps ti=<TaskInstance: automend_data_pipeline.validate_data scheduled__2026-02-21T00:00:00+00:00 [queued]>
[2026-02-22T21:34:29.796+0000] {taskinstance.py:2076} INFO - Dependencies all met for dep_context=requeueable deps ti=<TaskInstance: automend_data_pipeline.validate_data scheduled__2026-02-21T00:00:00+00:00 [queued]>
[2026-02-22T21:34:29.798+0000] {taskinstance.py:2306} INFO - Starting attempt 2 of 3
[2026-02-22T21:34:29.827+0000] {taskinstance.py:2330} INFO - Executing <Task(PythonOperator): validate_data> on 2026-02-21 00:00:00+00:00
[2026-02-22T21:34:29.841+0000] {warnings.py:112} WARNING - /home/***/.local/lib/python3.12/site-packages/***/task/task_runner/standard_task_runner.py:61: DeprecationWarning: This process (pid=234) is multi-threaded, use of fork() may lead to deadlocks in the child.
  pid = os.fork()

[2026-02-22T21:34:29.847+0000] {standard_task_runner.py:63} INFO - Started process 238 to run task
[2026-02-22T21:34:29.848+0000] {standard_task_runner.py:90} INFO - Running: ['***', 'tasks', 'run', 'automend_data_pipeline', 'validate_data', 'scheduled__2026-02-21T00:00:00+00:00', '--job-id', '12', '--raw', '--subdir', 'DAGS_FOLDER/automend_pipeline_dag.py', '--cfg-path', '/tmp/tmpvle0y8fn']
[2026-02-22T21:34:29.855+0000] {standard_task_runner.py:91} INFO - Job 12: Subtask validate_data
[2026-02-22T21:34:29.997+0000] {task_command.py:426} INFO - Running <TaskInstance: automend_data_pipeline.validate_data scheduled__2026-02-21T00:00:00+00:00 [running]> on host bdb006c774ad
[2026-02-22T21:34:30.198+0000] {taskinstance.py:2648} INFO - Exporting env vars: AIRFLOW_CTX_DAG_OWNER='mlops-team' AIRFLOW_CTX_DAG_ID='automend_data_pipeline' AIRFLOW_CTX_TASK_ID='validate_data' AIRFLOW_CTX_EXECUTION_DATE='2026-02-21T00:00:00+00:00' AIRFLOW_CTX_TRY_NUMBER='2' AIRFLOW_CTX_DAG_RUN_ID='scheduled__2026-02-21T00:00:00+00:00'
[2026-02-22T21:34:30.202+0000] {taskinstance.py:430} INFO - ::endgroup::
[2026-02-22T21:34:30.232+0000] {data_validation.py:371} INFO - ============================================================
[2026-02-22T21:34:30.233+0000] {data_validation.py:372} INFO - STARTING DATA VALIDATION
[2026-02-22T21:34:30.234+0000] {data_validation.py:373} INFO - ============================================================
[2026-02-22T21:34:31.835+0000] {data_validation.py:385} INFO - Loaded 18780 records for validation
[2026-02-22T21:34:31.836+0000] {data_validation.py:81} INFO - ✓ PASS: schema_required_columns - All required columns present
[2026-02-22T21:34:31.838+0000] {data_validation.py:81} INFO - ✓ PASS: min_rows - Row count (18780) meets minimum (100)
[2026-02-22T21:34:31.842+0000] {data_validation.py:81} INFO - ✓ PASS: missing_values - Column 'question_id' has no missing values
[2026-02-22T21:34:31.845+0000] {data_validation.py:81} INFO - ✓ PASS: missing_values - Column 'question_body' has no missing values
[2026-02-22T21:34:31.848+0000] {data_validation.py:81} INFO - ✓ PASS: missing_values - Column 'answer_body' has no missing values
[2026-02-22T21:34:31.851+0000] {data_validation.py:81} INFO - ✓ PASS: duplicates - No duplicate question_ids found
[2026-02-22T21:34:31.898+0000] {data_validation.py:81} INFO - ✓ PASS: text_quality - Question lengths are acceptable
[2026-02-22T21:34:31.956+0000] {data_validation.py:89} WARNING - ⚠ WARN: anomaly_detection - Found 2179 outliers in 'score'
[2026-02-22T21:34:32.077+0000] {data_validation.py:89} WARNING - ⚠ WARN: anomaly_detection - Found 2015 outliers in 'answer_score'
[2026-02-22T21:34:32.237+0000] {data_validation.py:89} WARNING - ⚠ WARN: anomaly_detection - Found 1970 outliers in 'view_count'
[2026-02-22T21:34:32.352+0000] {data_validation.py:89} WARNING - ⚠ WARN: anomaly_detection - Found 2156 outliers in 'quality_score'
[2026-02-22T21:34:32.499+0000] {data_validation.py:89} WARNING - ⚠ WARN: anomaly_detection - Found 1324 records with uncleaned HTML
[2026-02-22T21:34:38.430+0000] {data_validation.py:428} INFO - Data validated and saved to /opt/***/data/validated/qa_pairs_validated.json
[2026-02-22T21:34:38.431+0000] {data_validation.py:432} INFO - Validation complete: 7 passed, 0 failed, 5 warnings
[2026-02-22T21:34:38.474+0000] {alerts.py:270} CRITICAL - ALERT [pipeline_failure]: Pipeline Failed - DAG 'automend_data_pipeline' failed at task 'validate_data'.
[2026-02-22T21:34:38.488+0000] {alerts.py:184} WARNING - Slack webhook URL not configured, skipping Slack alert
[2026-02-22T21:34:38.490+0000] {alerts.py:218} WARNING - Alert email not configured, skipping email alert
[2026-02-22T21:34:38.492+0000] {taskinstance.py:441} INFO - ::group::Post task execution logs
[2026-02-22T21:34:38.494+0000] {taskinstance.py:2905} ERROR - Task failed with exception
Traceback (most recent call last):
  File "/home/airflow/.local/lib/python3.12/site-packages/airflow/models/taskinstance.py", line 460, in _execute_task
    result = _execute_callable(context=context, **execute_callable_kwargs)
             ^^^^^^^^^^^^^^^^^^^^^^^^^^^^^^^^^^^^^^^^^^^^^^^^^^^^^^^^^^^^^
  File "/home/airflow/.local/lib/python3.12/site-packages/airflow/models/taskinstance.py", line 432, in _execute_callable
    return execute_callable(context=context, **execute_callable_kwargs)
           ^^^^^^^^^^^^^^^^^^^^^^^^^^^^^^^^^^^^^^^^^^^^^^^^^^^^^^^^^^^^
  File "/home/airflow/.local/lib/python3.12/site-packages/airflow/models/baseoperator.py", line 401, in wrapper
    return func(self, *args, **kwargs)
           ^^^^^^^^^^^^^^^^^^^^^^^^^^^
  File "/home/airflow/.local/lib/python3.12/site-packages/airflow/operators/python.py", line 235, in execute
    return_value = self.execute_callable()
                   ^^^^^^^^^^^^^^^^^^^^^^^
  File "/home/airflow/.local/lib/python3.12/site-packages/airflow/operators/python.py", line 252, in execute_callable
    return self.python_callable(*self.op_args, **self.op_kwargs)
           ^^^^^^^^^^^^^^^^^^^^^^^^^^^^^^^^^^^^^^^^^^^^^^^^^^^^^
  File "/opt/airflow/dags/automend_pipeline_dag.py", line 161, in task_validate_data
    alert_anomalies_detected(
  File "/opt/airflow/scripts/alerts.py", line 416, in alert_anomalies_detected
    "types": ", ".join(set(anomaly_types)[:5])
                       ~~~~~~~~~~~~~~~~~~^^^^
TypeError: 'set' object is not subscriptable
[2026-02-22T21:34:38.536+0000] {taskinstance.py:1206} INFO - Marking task as UP_FOR_RETRY. dag_id=automend_data_pipeline, task_id=validate_data, run_id=scheduled__2026-02-21T00:00:00+00:00, execution_date=20260221T000000, start_date=20260222T213429, end_date=20260222T213438
[2026-02-22T21:34:38.577+0000] {standard_task_runner.py:110} ERROR - Failed to execute job 12 for task validate_data ('set' object is not subscriptable; 238)
[2026-02-22T21:34:38.615+0000] {local_task_job_runner.py:240} INFO - Task exited with return code 1
[2026-02-22T21:34:38.659+0000] {taskinstance.py:3503} INFO - 0 downstream tasks scheduled from follow-on schedule check
[2026-02-22T21:34:38.671+0000] {local_task_job_runner.py:222} INFO - ::endgroup::
[2026-02-22T22:11:18.032+0000] {local_task_job_runner.py:120} INFO - ::group::Pre task execution logs
[2026-02-22T22:11:18.419+0000] {taskinstance.py:2076} INFO - Dependencies all met for dep_context=non-requeueable deps ti=<TaskInstance: automend_data_pipeline.validate_data scheduled__2026-02-21T00:00:00+00:00 [queued]>
[2026-02-22T22:11:18.437+0000] {taskinstance.py:2076} INFO - Dependencies all met for dep_context=requeueable deps ti=<TaskInstance: automend_data_pipeline.validate_data scheduled__2026-02-21T00:00:00+00:00 [queued]>
[2026-02-22T22:11:18.438+0000] {taskinstance.py:2306} INFO - Starting attempt 2 of 3
[2026-02-22T22:11:18.470+0000] {taskinstance.py:2330} INFO - Executing <Task(PythonOperator): validate_data> on 2026-02-21 00:00:00+00:00
[2026-02-22T22:11:18.484+0000] {warnings.py:112} WARNING - /home/***/.local/lib/python3.12/site-packages/***/task/task_runner/standard_task_runner.py:61: DeprecationWarning: This process (pid=239) is multi-threaded, use of fork() may lead to deadlocks in the child.
  pid = os.fork()

[2026-02-22T22:11:18.490+0000] {standard_task_runner.py:63} INFO - Started process 243 to run task
[2026-02-22T22:11:18.488+0000] {standard_task_runner.py:90} INFO - Running: ['***', 'tasks', 'run', 'automend_data_pipeline', 'validate_data', 'scheduled__2026-02-21T00:00:00+00:00', '--job-id', '11', '--raw', '--subdir', 'DAGS_FOLDER/automend_pipeline_dag.py', '--cfg-path', '/tmp/tmpxmymqdk3']
[2026-02-22T22:11:18.494+0000] {standard_task_runner.py:91} INFO - Job 11: Subtask validate_data
[2026-02-22T22:11:18.648+0000] {task_command.py:426} INFO - Running <TaskInstance: automend_data_pipeline.validate_data scheduled__2026-02-21T00:00:00+00:00 [running]> on host 285ed450eadc
[2026-02-22T22:11:18.844+0000] {taskinstance.py:2648} INFO - Exporting env vars: AIRFLOW_CTX_DAG_OWNER='mlops-team' AIRFLOW_CTX_DAG_ID='automend_data_pipeline' AIRFLOW_CTX_TASK_ID='validate_data' AIRFLOW_CTX_EXECUTION_DATE='2026-02-21T00:00:00+00:00' AIRFLOW_CTX_TRY_NUMBER='2' AIRFLOW_CTX_DAG_RUN_ID='scheduled__2026-02-21T00:00:00+00:00'
[2026-02-22T22:11:18.847+0000] {taskinstance.py:430} INFO - ::endgroup::
[2026-02-22T22:11:18.875+0000] {data_validation.py:378} INFO - ============================================================
[2026-02-22T22:11:18.877+0000] {data_validation.py:379} INFO - STARTING DATA VALIDATION
[2026-02-22T22:11:18.878+0000] {data_validation.py:380} INFO - ============================================================
[2026-02-22T22:11:20.865+0000] {data_validation.py:392} INFO - Loaded 18780 records for validation
[2026-02-22T22:11:20.867+0000] {data_validation.py:88} INFO - [PASS] schema_required_columns - All required columns present
[2026-02-22T22:11:20.868+0000] {data_validation.py:88} INFO - [PASS] min_rows - Row count (18780) meets minimum (100)
[2026-02-22T22:11:20.872+0000] {data_validation.py:88} INFO - [PASS] missing_values - Column 'question_id' has no missing values
[2026-02-22T22:11:20.876+0000] {data_validation.py:88} INFO - [PASS] missing_values - Column 'question_body' has no missing values
[2026-02-22T22:11:20.881+0000] {data_validation.py:88} INFO - [PASS] missing_values - Column 'answer_body' has no missing values
[2026-02-22T22:11:20.884+0000] {data_validation.py:88} INFO - [PASS] duplicates - No duplicate question_ids found
[2026-02-22T22:11:20.936+0000] {data_validation.py:88} INFO - [PASS] text_quality - Question lengths are acceptable
[2026-02-22T22:11:20.998+0000] {data_validation.py:96} WARNING - [WARN] anomaly_detection - Found 2179 outliers in 'score'
[2026-02-22T22:11:21.122+0000] {data_validation.py:96} WARNING - [WARN] anomaly_detection - Found 2015 outliers in 'answer_score'
[2026-02-22T22:11:21.268+0000] {data_validation.py:96} WARNING - [WARN] anomaly_detection - Found 1970 outliers in 'view_count'
[2026-02-22T22:11:21.379+0000] {data_validation.py:96} WARNING - [WARN] anomaly_detection - Found 2156 outliers in 'quality_score'
[2026-02-22T22:11:21.532+0000] {data_validation.py:96} WARNING - [WARN] anomaly_detection - Found 1324 records with uncleaned HTML
[2026-02-22T22:11:27.973+0000] {data_validation.py:435} INFO - Data validated and saved to /opt/***/data/validated/qa_pairs_validated.json
[2026-02-22T22:11:27.975+0000] {data_validation.py:439} INFO - Validation complete: 7 passed, 0 failed, 5 warnings
[2026-02-22T22:11:28.014+0000] {alerts.py:279} CRITICAL - ALERT [pipeline_failure]: Pipeline Failed - DAG 'automend_data_pipeline' failed at task 'validate_data'.
[2026-02-22T22:11:28.029+0000] {alerts.py:300} ERROR - Failed to write alert to history: Extra data: line 113 column 3 (char 3652)
[2026-02-22T22:11:28.031+0000] {alerts.py:193} WARNING - Slack webhook URL not configured, skipping Slack alert
[2026-02-22T22:11:28.032+0000] {alerts.py:227} WARNING - Alert email not configured, skipping email alert
[2026-02-22T22:11:28.033+0000] {taskinstance.py:441} INFO - ::group::Post task execution logs
[2026-02-22T22:11:28.035+0000] {taskinstance.py:2905} ERROR - Task failed with exception
Traceback (most recent call last):
  File "/home/airflow/.local/lib/python3.12/site-packages/airflow/models/taskinstance.py", line 460, in _execute_task
    result = _execute_callable(context=context, **execute_callable_kwargs)
             ^^^^^^^^^^^^^^^^^^^^^^^^^^^^^^^^^^^^^^^^^^^^^^^^^^^^^^^^^^^^^
  File "/home/airflow/.local/lib/python3.12/site-packages/airflow/models/taskinstance.py", line 432, in _execute_callable
    return execute_callable(context=context, **execute_callable_kwargs)
           ^^^^^^^^^^^^^^^^^^^^^^^^^^^^^^^^^^^^^^^^^^^^^^^^^^^^^^^^^^^^
  File "/home/airflow/.local/lib/python3.12/site-packages/airflow/models/baseoperator.py", line 401, in wrapper
    return func(self, *args, **kwargs)
           ^^^^^^^^^^^^^^^^^^^^^^^^^^^
  File "/home/airflow/.local/lib/python3.12/site-packages/airflow/operators/python.py", line 235, in execute
    return_value = self.execute_callable()
                   ^^^^^^^^^^^^^^^^^^^^^^^
  File "/home/airflow/.local/lib/python3.12/site-packages/airflow/operators/python.py", line 252, in execute_callable
    return self.python_callable(*self.op_args, **self.op_kwargs)
           ^^^^^^^^^^^^^^^^^^^^^^^^^^^^^^^^^^^^^^^^^^^^^^^^^^^^^
  File "/opt/airflow/dags/automend_pipeline_dag.py", line 180, in task_validate_data
    alert_anomalies_detected(
  File "/opt/airflow/scripts/alerts.py", line 425, in alert_anomalies_detected
    "types": ", ".join(set(anomaly_types)[:5])
                       ~~~~~~~~~~~~~~~~~~^^^^
TypeError: 'set' object is not subscriptable
[2026-02-22T22:11:28.069+0000] {taskinstance.py:1206} INFO - Marking task as UP_FOR_RETRY. dag_id=automend_data_pipeline, task_id=validate_data, run_id=scheduled__2026-02-21T00:00:00+00:00, execution_date=20260221T000000, start_date=20260222T221118, end_date=20260222T221128
[2026-02-22T22:11:28.099+0000] {standard_task_runner.py:110} ERROR - Failed to execute job 11 for task validate_data ('set' object is not subscriptable; 243)
[2026-02-22T22:11:28.136+0000] {local_task_job_runner.py:240} INFO - Task exited with return code 1
[2026-02-22T22:11:28.177+0000] {taskinstance.py:3503} INFO - 0 downstream tasks scheduled from follow-on schedule check
[2026-02-22T22:11:28.186+0000] {local_task_job_runner.py:222} INFO - ::endgroup::
